<?xml version="1.0" encoding="UTF-8"?>
<!-- Generated by org.testng.reporters.JUnitXMLReporter -->
<testsuite ignored="4" hostname="DESKTOP-P9S0QB9" failures="0" tests="2" name="Parallel Tests" time="0.105" errors="0" timestamp="06 May 2023 14:47:06 GMT">
  <testcase classname="com.base.web.TestBase" name="@BeforeTest setUp" time="0.025">
    <failure type="java.lang.NullPointerException" message="Cannot invoke &amp;quot;org.openqa.selenium.WebDriver.get(String)&amp;quot; because &amp;quot;com.base.web.TestBase.driver&amp;quot; is null">
      <![CDATA[java.lang.NullPointerException: Cannot invoke "org.openqa.selenium.WebDriver.get(String)" because "com.base.web.TestBase.driver" is null
	at com.base.web.TestBase.setUp(TestBase.java:224)
... Removed 23 stack frames]]>
    </failure>
  </testcase> <!-- @BeforeTest setUp -->
  <testcase classname="com.base.web.TestBase" name="@AfterTest flushTest" time="0.0">
    <skipped/>
  </testcase> <!-- @AfterTest flushTest -->
  <testcase classname="com.testcase.testsuite.SigninForMagento" name="SignInForMagento" time="0.0">
    <skipped/>
  </testcase> <!-- SignInForMagento -->
  <testcase classname="com.testcase.testsuite.SignupForMagento" name="SignupMagento" time="0.0">
    <skipped/>
  </testcase> <!-- SignupMagento -->
  <testcase classname="com.base.web.TestBase" name="@BeforeSuite ReportGeneration" time="0.0">
    <ignored/>
  </testcase> <!-- @BeforeSuite ReportGeneration -->
  <testcase classname="com.base.web.TestBase" name="@BeforeTest setUp" time="0.0">
    <ignored/>
  </testcase> <!-- @BeforeTest setUp -->
  <testcase classname="com.base.web.TestBase" name="@AfterTest flushTest" time="0.0">
    <ignored/>
  </testcase> <!-- @AfterTest flushTest -->
  <testcase classname="com.base.web.TestBase" name="@AfterSuite tearDown" time="0.0">
    <ignored/>
  </testcase> <!-- @AfterSuite tearDown -->
</testsuite> <!-- Parallel Tests -->
